TN:
SF:script/DeployPlay3310.s.sol
DA:19,0
FN:19,DeployPlay3310.getMondayTimestamp
FNDA:0,DeployPlay3310.getMondayTimestamp
DA:22,0
DA:25,0
DA:28,0
DA:29,0
BRDA:29,0,0,-
BRDA:29,0,1,-
DA:31,0
DA:32,0
BRDA:32,1,0,-
BRDA:32,1,1,-
DA:34,0
DA:37,0
DA:41,0
DA:43,0
DA:45,0
DA:48,0
FN:48,DeployPlay3310.run
FNDA:0,DeployPlay3310.run
DA:50,0
DA:51,0
DA:52,0
DA:55,0
BRDA:55,2,0,-
BRDA:55,2,1,-
DA:56,0
BRDA:56,3,0,-
BRDA:56,3,1,-
DA:59,0
DA:62,0
DA:63,0
DA:64,0
DA:65,0
DA:66,0
DA:69,0
DA:72,0
DA:73,0
DA:76,0
DA:83,0
DA:85,0
DA:88,0
DA:91,0
DA:94,0
DA:95,0
DA:96,0
DA:97,0
DA:99,0
DA:100,0
DA:101,0
DA:102,0
DA:103,0
DA:106,0
BRDA:106,4,0,-
BRDA:106,4,1,-
DA:108,0
DA:109,0
DA:110,0
DA:111,0
DA:112,0
DA:115,0
DA:116,0
DA:117,0
DA:118,0
DA:119,0
FNF:2
FNH:0
LF:52
LH:0
BRF:10
BRH:0
end_of_record
TN:
SF:src/Play3310Proxy.sol
DA:21,40
FN:21,Play3310Proxy.constructor
FNDA:40,Play3310Proxy.constructor
DA:39,38
BRDA:39,0,0,-
BRDA:39,0,1,38
DA:40,38
BRDA:40,1,0,1
BRDA:40,1,1,37
DA:41,37
BRDA:41,2,0,1
BRDA:41,2,1,36
DA:42,36
BRDA:42,3,0,-
BRDA:42,3,1,36
DA:43,36
BRDA:43,4,0,1
BRDA:43,4,1,35
DA:77,0
FN:77,Play3310Factory.deployPlay3310
FNDA:0,Play3310Factory.deployPlay3310
DA:83,0
BRDA:83,0,0,-
BRDA:83,0,1,-
DA:84,0
BRDA:84,1,0,-
BRDA:84,1,1,-
DA:85,0
BRDA:85,2,0,-
BRDA:85,2,1,-
DA:86,0
BRDA:86,3,0,-
BRDA:86,3,1,-
DA:89,0
DA:90,0
DA:93,0
DA:101,0
DA:104,0
DA:105,0
DA:106,0
DA:108,0
DA:110,0
DA:116,0
FN:116,Play3310Factory.getAllDeployedProxies
FNDA:0,Play3310Factory.getAllDeployedProxies
DA:117,0
DA:123,0
FN:123,Play3310Factory.getDeploymentCount
FNDA:0,Play3310Factory.getDeploymentCount
DA:124,0
DA:131,0
FN:131,Play3310Factory.getImplementation
FNDA:0,Play3310Factory.getImplementation
DA:132,0
BRDA:132,4,0,-
BRDA:132,4,1,-
DA:133,0
FNF:5
FNH:1
LF:27
LH:6
BRF:20
BRH:8
end_of_record
TN:
SF:src/Play3310V1.sol
DA:77,41
FN:77,Play3310V1.constructor
FNDA:41,Play3310V1.constructor
DA:78,41
DA:89,39
FN:89,Play3310V1.initialize
FNDA:39,Play3310V1.initialize
DA:95,39
DA:97,38
DA:98,38
DA:99,38
DA:100,38
DA:101,38
DA:102,38
DA:103,38
DA:106,38
DA:114,2
FN:114,Play3310V1.setMinQualificationScore
FNDA:2,Play3310V1.setMinQualificationScore
DA:115,1
DA:116,1
DA:123,5
FN:123,Play3310V1.fundPrizePool
FNDA:5,Play3310V1.fundPrizePool
DA:124,5
DA:131,5
FN:131,Play3310V1.getCurrentWeek
FNDA:5,Play3310V1.getCurrentWeek
DA:132,48
DA:133,47
DA:139,5
FN:139,Play3310V1.isSubmissionPeriod
FNDA:5,Play3310V1.isSubmissionPeriod
DA:140,44
DA:141,43
DA:143,43
DA:152,23
FN:152,Play3310V1._isBetterScore
FNDA:23,Play3310V1._isBetterScore
DA:156,23
DA:157,2
DA:160,2
DA:161,1
DA:164,1
DA:166,0
DA:172,39
FN:172,Play3310V1.submitScore
FNDA:39,Play3310V1.submitScore
DA:180,39
BRDA:180,7,0,1
DA:181,38
BRDA:181,8,0,1
DA:184,37
DA:187,37
DA:189,37
BRDA:189,9,0,-
DA:190,0
DA:193,36
DA:202,36
DA:205,36
DA:208,36
DA:211,36
DA:213,36
DA:216,36
FN:216,Play3310V1._updateTop10
FNDA:36,Play3310V1._updateTop10
DA:217,36
DA:220,36
DA:221,36
DA:222,85
BRDA:222,10,0,2
DA:223,2
DA:224,2
DA:229,36
BRDA:229,11,0,2
DA:230,2
DA:231,0
DA:233,2
DA:239,36
BRDA:239,12,0,2
DA:240,2
DA:241,2
BRDA:241,13,0,-
DA:242,0
DA:247,36
DA:248,36
DA:249,21
BRDA:249,14,0,21
DA:250,21
DA:251,21
DA:256,36
BRDA:256,15,0,36
DA:257,36
BRDA:257,16,0,34
DA:258,34
DA:262,36
DA:263,81
DA:266,36
DA:269,36
DA:270,117
DA:279,6
FN:279,Play3310V1.distributeRewards
FNDA:6,Play3310V1.distributeRewards
DA:280,5
BRDA:280,17,0,1
DA:281,4
BRDA:281,18,0,-
DA:287,1
BRDA:287,19,0,1
DA:289,3
DA:290,3
DA:291,3
DA:293,3
DA:294,3
DA:297,3
DA:299,9
BRDA:299,20,0,9
DA:300,9
DA:303,9
BRDA:303,21,0,9
BRDA:303,21,1,9
DA:304,9
DA:305,9
DA:308,0
DA:314,3
BRDA:314,22,0,3
DA:315,3
DA:316,21
BRDA:316,23,0,21
DA:317,21
DA:318,21
DA:324,3
DA:325,3
DA:326,3
DA:328,3
DA:329,3
DA:332,36
FN:332,Play3310V1._updateAllTimeStatsWithDelta
FNDA:36,Play3310V1._updateAllTimeStatsWithDelta
DA:336,36
DA:338,36
BRDA:338,24,0,36
DA:339,36
DA:342,36
BRDA:342,25,0,36
DA:343,36
DA:348,36
BRDA:348,26,0,36
DA:349,36
DA:352,36
BRDA:352,27,0,36
DA:353,36
DA:356,36
BRDA:356,28,0,36
DA:357,36
DA:360,36
DA:365,0
FN:365,Play3310V1._updateAllTimeStats
FNDA:0,Play3310V1._updateAllTimeStats
DA:367,0
DA:368,0
DA:375,7
FN:375,Play3310V1.getWeeklyLeaderboard
FNDA:7,Play3310V1.getWeeklyLeaderboard
DA:376,7
DA:383,2
FN:383,Play3310V1._authorizeUpgrade
FNDA:2,Play3310V1._authorizeUpgrade
DA:386,1
FNF:14
FNH:13
LF:118
LH:110
BRF:23
BRH:20
end_of_record
TN:
SF:test/Play3310V1.t.sol
DA:10,35
FN:10,MockCUSD.constructor
FNDA:35,MockCUSD.constructor
DA:11,35
DA:14,2
FN:14,MockCUSD.mint
FNDA:2,MockCUSD.mint
DA:15,2
FNF:2
FNH:2
LF:4
LH:4
BRF:0
BRH:0
end_of_record
